c:\ravim\southkorea2018\sse\2018\verticalmedianfilter3tap\verticalmedianfilter3tap\x64\release\verticalmedianfilter3tap.pchi
c:\ravim\southkorea2018\sse\2018\verticalmedianfilter3tap\verticalmedianfilter3tap\x64\release\stdafx.obj
c:\ravim\southkorea2018\sse\2018\verticalmedianfilter3tap\verticalmedianfilter3tap\x64\release\timer.obj
c:\ravim\southkorea2018\sse\2018\verticalmedianfilter3tap\verticalmedianfilter3tap\x64\release\verticalmedianfilter3tap.obj
c:\users\ravia\home\postech\2021\2020sse\verticalmedianfilter3tap\verticalmedianfilter3tap\x64\release\verticalmedianfilter3tap.pchi
c:\users\ravia\home\postech\2021\2020sse\verticalmedianfilter3tap\verticalmedianfilter3tap\x64\release\stdafx.obj
c:\users\ravia\home\postech\2021\2020sse\verticalmedianfilter3tap\verticalmedianfilter3tap\x64\release\timer.obj
c:\users\ravia\home\postech\2021\2020sse\verticalmedianfilter3tap\verticalmedianfilter3tap\x64\release\verticalmedianfilter3tap.obj
c:\users\ravia\home\postech\2021\2021c\verticalmedianfilter3tap\verticalmedianfilter3tap\x64\release\verticalmedianfilter3tap.pchi
c:\users\ravia\home\postech\2021\2021c\verticalmedianfilter3tap\verticalmedianfilter3tap\x64\release\stdafx.obj
c:\users\ravia\home\postech\2021\2021c\verticalmedianfilter3tap\verticalmedianfilter3tap\x64\release\timer.obj
c:\users\ravia\home\postech\2021\2021c\verticalmedianfilter3tap\verticalmedianfilter3tap\x64\release\verticalmedianfilter3tap.obj
c:\users\ravi\appdata\local\temp\lnk{0b52a134-b89a-4d79-8101-e8c334a03123}.tmp
c:\users\ravi\appdata\local\temp\lnk{c4408de9-d085-4087-9022-f4b075a55514}.tmp
c:\users\ravia\appdata\local\temp\lnk{4c66e498-ff5f-4b8c-91fd-b39e63088731}.tmp
c:\users\ravia\appdata\local\temp\lnk{1643e6f4-4edd-4129-bab2-cd3dbc2867ee}.tmp
c:\ravim\southkorea2018\sse\2018\verticalmedianfilter3tap\x64\release\verticalmedianfilter3tap.exe
c:\ravim\southkorea2018\sse\2018\verticalmedianfilter3tap\x64\release\verticalmedianfilter3tap.pdb
c:\users\ravia\home\postech\2021\2020sse\verticalmedianfilter3tap\x64\release\verticalmedianfilter3tap.exe
c:\users\ravia\home\postech\2021\2020sse\verticalmedianfilter3tap\x64\release\verticalmedianfilter3tap.pdb
c:\users\ravia\home\postech\2021\2021c\verticalmedianfilter3tap\x64\release\verticalmedianfilter3tap.exe
c:\users\ravia\home\postech\2021\2021c\verticalmedianfilter3tap\x64\release\verticalmedianfilter3tap.pdb
c:\users\ravia\home\postech\2021\2021c\verticalmedianfilter3tap\verticalmedianfilter3tap\x64\release\vertical.275ced21.tlog\icl-mcpcom.read.1.tlog
c:\users\ravia\home\postech\2021\2021c\verticalmedianfilter3tap\verticalmedianfilter3tap\x64\release\vertical.275ced21.tlog\icl-mcpcom.write.1.tlog
c:\users\ravia\home\postech\2021\2021c\verticalmedianfilter3tap\verticalmedianfilter3tap\x64\release\vertical.275ced21.tlog\icl.command.1.tlog
c:\users\ravia\home\postech\2021\2021c\verticalmedianfilter3tap\verticalmedianfilter3tap\x64\release\vertical.275ced21.tlog\icl.read.1.tlog
c:\users\ravia\home\postech\2021\2021c\verticalmedianfilter3tap\verticalmedianfilter3tap\x64\release\vertical.275ced21.tlog\icl.write.1.tlog
c:\users\ravia\home\postech\2021\2021c\verticalmedianfilter3tap\verticalmedianfilter3tap\x64\release\vertical.275ced21.tlog\xilink-link-cvtres.read.1.tlog
c:\users\ravia\home\postech\2021\2021c\verticalmedianfilter3tap\verticalmedianfilter3tap\x64\release\vertical.275ced21.tlog\xilink-link-cvtres.write.1.tlog
c:\users\ravia\home\postech\2021\2021c\verticalmedianfilter3tap\verticalmedianfilter3tap\x64\release\vertical.275ced21.tlog\xilink-link-rc.read.1.tlog
c:\users\ravia\home\postech\2021\2021c\verticalmedianfilter3tap\verticalmedianfilter3tap\x64\release\vertical.275ced21.tlog\xilink-link-rc.write.1.tlog
c:\users\ravia\home\postech\2021\2021c\verticalmedianfilter3tap\verticalmedianfilter3tap\x64\release\vertical.275ced21.tlog\xilink-link.read.1.tlog
c:\users\ravia\home\postech\2021\2021c\verticalmedianfilter3tap\verticalmedianfilter3tap\x64\release\vertical.275ced21.tlog\xilink-link.write.1.tlog
c:\users\ravia\home\postech\2021\2021c\verticalmedianfilter3tap\verticalmedianfilter3tap\x64\release\vertical.275ced21.tlog\xilink-mcpcom.read.1.tlog
c:\users\ravia\home\postech\2021\2021c\verticalmedianfilter3tap\verticalmedianfilter3tap\x64\release\vertical.275ced21.tlog\xilink-mcpcom.write.1.tlog
c:\users\ravia\home\postech\2021\2021c\verticalmedianfilter3tap\verticalmedianfilter3tap\x64\release\vertical.275ced21.tlog\xilink.command.1.tlog
c:\users\ravia\home\postech\2021\2021c\verticalmedianfilter3tap\verticalmedianfilter3tap\x64\release\vertical.275ced21.tlog\xilink.read.1.tlog
c:\users\ravia\home\postech\2021\2021c\verticalmedianfilter3tap\verticalmedianfilter3tap\x64\release\vertical.275ced21.tlog\xilink.write.1.tlog
